2022-03-16 16:28:21.770  INFO 20956 --- [Test worker] c.ssafy.tourist.TouristApplicationTests  : Starting TouristApplicationTests using Java 1.8.0_192 on DESKTOP-KVCQHCD with PID 20956 (started by SSAFY in C:\SSAFY\ƯȭPJT\S06P22E103\Backend)
2022-03-16 16:28:21.771  INFO 20956 --- [Test worker] c.ssafy.tourist.TouristApplicationTests  : No active profile set, falling back to default profiles: default
2022-03-16 16:28:21.799 DEBUG 20956 --- [Test worker] o.s.w.c.s.GenericWebApplicationContext   : Refreshing org.springframework.web.context.support.GenericWebApplicationContext@38f57b3d
2022-03-16 16:28:22.481  INFO 20956 --- [Test worker] .s.d.r.c.RepositoryConfigurationDelegate : Bootstrapping Spring Data JPA repositories in DEFAULT mode.
2022-03-16 16:28:22.497  INFO 20956 --- [Test worker] .s.d.r.c.RepositoryConfigurationDelegate : Finished Spring Data repository scanning in 6 ms. Found 0 JPA repository interfaces.
2022-03-16 16:28:22.999  INFO 20956 --- [Test worker] com.zaxxer.hikari.HikariDataSource       : HikariPool-1 - Starting...
2022-03-16 16:28:23.495  INFO 20956 --- [Test worker] com.zaxxer.hikari.HikariDataSource       : HikariPool-1 - Start completed.
2022-03-16 16:28:23.546  INFO 20956 --- [Test worker] o.hibernate.jpa.internal.util.LogHelper  : HHH000204: Processing PersistenceUnitInfo [name: default]
2022-03-16 16:28:23.592  INFO 20956 --- [Test worker] org.hibernate.Version                    : HHH000412: Hibernate ORM core version 5.4.33
2022-03-16 16:28:23.731  INFO 20956 --- [Test worker] o.hibernate.annotations.common.Version   : HCANN000001: Hibernate Commons Annotations {5.1.2.Final}
2022-03-16 16:28:23.835  INFO 20956 --- [Test worker] org.hibernate.dialect.Dialect            : HHH000400: Using dialect: org.hibernate.dialect.MySQL57Dialect
2022-03-16 16:28:24.036  INFO 20956 --- [Test worker] o.h.e.t.j.p.i.JtaPlatformInitiator       : HHH000490: Using JtaPlatform implementation: [org.hibernate.engine.transaction.jta.platform.internal.NoJtaPlatform]
2022-03-16 16:28:24.055  INFO 20956 --- [Test worker] j.LocalContainerEntityManagerFactoryBean : Initialized JPA EntityManagerFactory for persistence unit 'default'
2022-03-16 16:28:24.435  WARN 20956 --- [Test worker] JpaBaseConfiguration$JpaWebConfiguration : spring.jpa.open-in-view is enabled by default. Therefore, database queries may be performed during view rendering. Explicitly configure spring.jpa.open-in-view to disable this warning
2022-03-16 16:28:24.588 DEBUG 20956 --- [Test worker] s.w.s.m.m.a.RequestMappingHandlerMapping : 7 mappings in 'requestMappingHandlerMapping'
2022-03-16 16:28:25.050 DEBUG 20956 --- [Test worker] s.w.s.m.m.a.RequestMappingHandlerAdapter : ControllerAdvice beans: 0 @ModelAttribute, 0 @InitBinder, 1 RequestBodyAdvice, 1 ResponseBodyAdvice
2022-03-16 16:28:25.123 DEBUG 20956 --- [Test worker] o.s.w.s.handler.SimpleUrlHandlerMapping  : Patterns [/swagger-ui/] in 'viewControllerHandlerMapping'
2022-03-16 16:28:25.156 DEBUG 20956 --- [Test worker] o.s.w.s.handler.SimpleUrlHandlerMapping  : Patterns [/webjars/**, /**, /swagger-ui/**] in 'resourceHandlerMapping'
2022-03-16 16:28:25.173 DEBUG 20956 --- [Test worker] .m.m.a.ExceptionHandlerExceptionResolver : ControllerAdvice beans: 0 @ExceptionHandler, 1 ResponseBodyAdvice
2022-03-16 16:28:25.410  INFO 20956 --- [Test worker] c.ssafy.tourist.TouristApplicationTests  : Started TouristApplicationTests in 3.896 seconds (JVM running for 5.102)
2022-03-16 16:28:25.507 DEBUG 20956 --- [SpringApplicationShutdownHook] o.s.w.c.s.GenericWebApplicationContext   : Closing org.springframework.web.context.support.GenericWebApplicationContext@38f57b3d, started on Wed Mar 16 16:28:21 KST 2022
2022-03-16 16:28:25.513  INFO 20956 --- [SpringApplicationShutdownHook] j.LocalContainerEntityManagerFactoryBean : Closing JPA EntityManagerFactory for persistence unit 'default'
2022-03-16 16:28:25.515  INFO 20956 --- [SpringApplicationShutdownHook] com.zaxxer.hikari.HikariDataSource       : HikariPool-1 - Shutdown initiated...
2022-03-16 16:28:25.522  INFO 20956 --- [SpringApplicationShutdownHook] com.zaxxer.hikari.HikariDataSource       : HikariPool-1 - Shutdown completed.
